TN:
SF:app.js
FN:2,_interopRequireDefault
FN:11,greet
FN:16,rootHandler
FN:20,helloHandler
FN:25,sumHandler
FNF:5
FNH:5
FNDA:1,_interopRequireDefault
FNDA:5,greet
FNDA:1,rootHandler
FNDA:2,helloHandler
FNDA:2,sumHandler
DA:2,1
DA:5,1
DA:8,1
DA:11,5
DA:12,5
DA:17,1
DA:21,2
DA:22,2
DA:26,2
DA:27,2
DA:28,1
DA:30,1
DA:34,1
DA:35,1
DA:36,1
LF:15
LH:15
BRDA:2,0,0,1
BRDA:2,0,1,2
BRDA:11,1,0,3
BRDA:11,1,1,2
BRDA:11,2,0,5
BRDA:11,2,1,3
BRDA:21,3,0,2
BRDA:21,3,1,1
BRDA:27,4,0,1
BRDA:27,5,0,2
BRDA:27,5,1,2
BRF:11
BRH:11
end_of_record
TN:
SF:test\test.js
FN:3,_interopRequireDefault
FN:2,i
FN:11,(anonymous_30)
FN:12,_callee
FN:19,(anonymous_33)
FN:20,_callee2
FN:26,_callee3
FN:33,(anonymous_38)
FN:34,_callee4
FN:42,_callee5
FN:51,(anonymous_43)
FN:52,(anonymous_44)
FNF:12
FNH:12
FNDA:4,_interopRequireDefault
FNDA:109,i
FNDA:1,(anonymous_30)
FNDA:3,_callee
FNDA:1,(anonymous_33)
FNDA:3,_callee2
FNDA:3,_callee3
FNDA:1,(anonymous_38)
FNDA:3,_callee4
FNDA:3,_callee5
FNDA:1,(anonymous_43)
FNDA:1,(anonymous_44)
DA:1,1
DA:2,321
DA:3,7
DA:6,1
DA:7,1
DA:11,1
DA:12,5
DA:13,1
DA:14,1
DA:15,1
DA:19,1
DA:20,5
DA:21,1
DA:22,1
DA:23,1
DA:26,5
DA:27,1
DA:28,1
DA:29,1
DA:33,1
DA:34,5
DA:35,1
DA:38,1
DA:39,1
DA:42,5
DA:43,1
DA:46,1
DA:47,1
DA:51,1
DA:52,1
DA:53,1
DA:54,1
LF:32
LH:32
BRDA:3,0,0,1
BRDA:3,0,1,2
BRDA:3,1,0,2
BRDA:3,2,0,1
BRDA:3,2,1,1
BRDA:3,2,2,1
BRDA:2,3,0,127
BRDA:2,3,1,101
BRDA:2,4,0,10
BRDA:2,4,1,10
BRDA:2,4,2,10
BRDA:2,4,3,10
BRDA:2,5,0,10
BRDA:2,5,1,0
BRDA:2,5,2,0
BRDA:2,6,0,20
BRDA:12,7,0,1
BRDA:12,7,1,1
BRDA:12,7,2,1
BRDA:20,8,0,1
BRDA:20,8,1,1
BRDA:20,8,2,1
BRDA:26,9,0,1
BRDA:26,9,1,1
BRDA:26,9,2,1
BRDA:34,10,0,1
BRDA:34,10,1,1
BRDA:34,10,2,1
BRDA:42,11,0,1
BRDA:42,11,1,1
BRDA:42,11,2,1
BRF:31
BRH:29
end_of_record
